[2025-10-20 16:55:10] Enqueued batch from file: 
[2025-10-20 16:55:11] ? TaskBridge execution complete.
[2025-10-20 16:56:38] Queue storage initialized.
[2025-10-20 16:56:38]  TaskBridge execution complete.
[2025-10-20 16:56:40] No queued tasks.
[2025-10-20 16:56:40]  TaskBridge execution complete.
[2025-10-20 16:57:14] Queue storage initialized.
[2025-10-20 16:57:14]  TaskBridge execution complete.
[2025-10-20 16:57:19] No queued tasks.
[2025-10-20 16:57:19]  TaskBridge execution complete.
[2025-10-20 16:58:57] Queue storage initialized.
[2025-10-20 16:58:57]  TaskBridge execution complete.
[2025-10-20 16:58:59] No queued tasks.
[2025-10-20 16:58:59]  TaskBridge execution complete.
[2025-10-20 16:59:22] Queue storage initialized.
[2025-10-20 16:59:22]  TaskBridge execution complete.
[2025-10-20 16:59:24] No queued tasks.
[2025-10-20 16:59:24]  TaskBridge execution complete.
[2025-10-20 17:00:55] No queued tasks.
[2025-10-20 17:00:55]  TaskBridge execution complete.
[2025-10-20 17:01:08] No queued tasks.
[2025-10-20 17:01:08]  TaskBridge execution complete.
[2025-10-20 17:01:36] No queued tasks.
[2025-10-20 17:01:37]  TaskBridge execution complete.
[2025-10-20 17:01:58] No queued tasks.
[2025-10-20 17:01:58]  TaskBridge execution complete.
[2025-10-20 17:02:35] No queued tasks.
[2025-10-20 17:02:35]  TaskBridge execution complete.
[2025-10-20 17:02:48] No queued tasks.
[2025-10-20 17:02:48]  TaskBridge execution complete.
